Arguments: 
  C:\Program Files\nodejs\node.exe C:\Users\darkc\AppData\Roaming\npm\node_modules\yarn\bin\yarn.js

PATH: 
  C:\Users\darkc\bin;C:\Program Files\Git\mingw64\bin;C:\Program Files\Git\usr\local\bin;C:\Program Files\Git\usr\bin;C:\Program Files\Git\usr\bin;C:\Program Files\Git\mingw64\bin;C:\Program Files\Git\usr\bin;C:\Users\darkc\bin;C:\Windows\system32;C:\Windows;C:\Windows\System32\Wbem;C:\Windows\System32\WindowsPowerShell\v1.0;C:\Windows\System32\OpenSSH;C:\ProgramData\chocolatey\bin;C:\Program Files\Git\cmd;C:\Program Files\Java\jdk1.8.0_211\bin;C:\Program Files\NVIDIA Corporation\NVIDIA NvDLISR;C:\Android\Sdk\platform-tools;C:\WINDOWS\system32;C:\WINDOWS;C:\WINDOWS\System32\Wbem;C:\WINDOWS\System32\WindowsPowerShell\v1.0;C:\WINDOWS\System32\OpenSSH;C:\Program Files (x86)\NVIDIA Corporation\PhysX\Common;C:\ProgramData\chocolatey\lib\watchman\tools;%NVM_HOME%;%NVM_SYMLINK%;C:\Program Files\Docker\Docker\resources\bin;C:\ProgramData\DockerDesktop\version-bin;C:\Users\darkc\AppData\Local\Microsoft\WindowsApps;C:\Users\darkc\AppData\Roaming\npm;C:\Program Files\OpenSSL-Win64\bin;C:\Users\darkc\AppData\Roaming\nvm;C:\Program Files\nodejs;C:\Users\darkc\AppData\Local\Programs\Microsoft VS Code\bin;C:\Program Files\Git\usr\bin\vendor_perl;C:\Program Files\Git\usr\bin\core_perl

Yarn version: 
  1.22.17

Node version: 
  16.13.0

Platform: 
  win32 x64

Trace: 
  SyntaxError: C:\Users\darkc\Desktop\api-ecolog\package.json: Unexpected token } in JSON at position 354
      at JSON.parse (<anonymous>)
      at C:\Users\darkc\AppData\Roaming\npm\node_modules\yarn\lib\cli.js:1625:59
      at Generator.next (<anonymous>)
      at step (C:\Users\darkc\AppData\Roaming\npm\node_modules\yarn\lib\cli.js:310:30)
      at C:\Users\darkc\AppData\Roaming\npm\node_modules\yarn\lib\cli.js:321:13

npm manifest: 
  {
    "name": "ecolog-api",
    "version": "1.0.0",
    "description": "",
    "main": "index.js",
    "scripts": {
      "test": "echo \"Error: no test specified\" && exit 1",
      "dev": "nodemon src/index.js"
    },
    "type": "module",
    "keywords": [],
    "author": "",
    "license": "ISC",
    "devDependencies": {
      "morgan": "^1.10.0",
      "nodemon": "^2.0.15",
    },
    "dependencies": {
      "axios": "^0.26.0",
      "cors": "^2.8.5",
      "express": "^4.17.3",
      "jsonwebtoken": "^8.5.1",
      "knex": "^1.0.3",
      "pg": "^8.7.3"
    }
  }

yarn manifest: 
  No manifest

Lockfile: 
  No lockfile
